23:17:21.934 [main] INFO  c.z.s.OjSystemApplication - [logStartupProfileInfo,630] - No active profile set, falling back to 1 default profile: "default"
23:17:22.730 [main] INFO  o.s.c.c.s.GenericScope - [setSerializationId,282] - BeanFactory id=6a8ba4ed-7239-33c1-a84e-eae461a17c45
23:17:23.061 [main] INFO  o.s.b.w.e.t.TomcatWebServer - [initialize,108] - Tomcat initialized with port(s): 8080 (http)
23:17:23.073 [main] INFO  o.a.c.h.Http11NioProtocol - [log,173] - Initializing ProtocolHandler ["http-nio-8080"]
23:17:23.074 [main] INFO  o.a.c.c.StandardService - [log,173] - Starting service [Tomcat]
23:17:23.074 [main] INFO  o.a.c.c.StandardEngine - [log,173] - Starting Servlet engine: [Apache Tomcat/10.1.4]
23:17:23.196 [main] INFO  o.a.c.c.C.[.[.[/] - [log,173] - Initializing Spring embedded WebApplicationContext
23:17:23.197 [main] INFO  o.s.b.w.s.c.ServletWebServerApplicationContext - [prepareWebApplicationContext,291] - Root WebApplicationContext: initialization completed in 1243 ms
23:17:24.490 [main] INFO  o.a.c.h.Http11NioProtocol - [log,173] - Starting ProtocolHandler ["http-nio-8080"]
23:17:24.516 [main] INFO  o.s.b.w.e.t.TomcatWebServer - [start,220] - Tomcat started on port(s): 8080 (http) with context path ''
23:17:24.913 [main] INFO  c.z.s.OjSystemApplication - [logStarted,57] - Started OjSystemApplication in 4.746 seconds (process running for 5.745)
23:18:09.442 [http-nio-8080-exec-1] INFO  o.a.c.c.C.[.[.[/] - [log,173] - Initializing Spring DispatcherServlet 'dispatcherServlet'
23:18:09.442 [http-nio-8080-exec-1] INFO  o.s.w.s.DispatcherServlet - [initServletBean,532] - Initializing Servlet 'dispatcherServlet'
23:18:09.443 [http-nio-8080-exec-1] INFO  o.s.w.s.DispatcherServlet - [initServletBean,554] - Completed initialization in 1 ms
23:18:09.659 [http-nio-8080-exec-1] INFO  c.z.h.HikariDataSource - [getConnection,110] - HikariPool-1 - Starting...
23:18:10.084 [http-nio-8080-exec-1] INFO  c.z.h.p.HikariPool - [checkFailFast,565] - HikariPool-1 - Added connection com.mysql.cj.jdbc.ConnectionImpl@4d1ad1bb
23:18:10.087 [http-nio-8080-exec-1] INFO  c.z.h.HikariDataSource - [getConnection,123] - HikariPool-1 - Start completed.
23:18:31.826 [SpringApplicationShutdownHook] INFO  c.z.h.HikariDataSource - [close,350] - HikariPool-1 - Shutdown initiated...
23:18:31.832 [SpringApplicationShutdownHook] INFO  c.z.h.HikariDataSource - [close,352] - HikariPool-1 - Shutdown completed.
23:18:38.902 [main] INFO  c.z.s.OjSystemApplication - [logStartupProfileInfo,630] - No active profile set, falling back to 1 default profile: "default"
23:18:39.609 [main] INFO  o.s.c.c.s.GenericScope - [setSerializationId,282] - BeanFactory id=6a8ba4ed-7239-33c1-a84e-eae461a17c45
23:18:39.918 [main] INFO  o.s.b.w.e.t.TomcatWebServer - [initialize,108] - Tomcat initialized with port(s): 8080 (http)
23:18:39.931 [main] INFO  o.a.c.h.Http11NioProtocol - [log,173] - Initializing ProtocolHandler ["http-nio-8080"]
23:18:39.931 [main] INFO  o.a.c.c.StandardService - [log,173] - Starting service [Tomcat]
23:18:39.931 [main] INFO  o.a.c.c.StandardEngine - [log,173] - Starting Servlet engine: [Apache Tomcat/10.1.4]
23:18:40.043 [main] INFO  o.a.c.c.C.[.[.[/] - [log,173] - Initializing Spring embedded WebApplicationContext
23:18:40.044 [main] INFO  o.s.b.w.s.c.ServletWebServerApplicationContext - [prepareWebApplicationContext,291] - Root WebApplicationContext: initialization completed in 1124 ms
23:18:41.250 [main] INFO  o.a.c.h.Http11NioProtocol - [log,173] - Starting ProtocolHandler ["http-nio-8080"]
23:18:41.277 [main] INFO  o.s.b.w.e.t.TomcatWebServer - [start,220] - Tomcat started on port(s): 8080 (http) with context path ''
23:18:41.679 [main] INFO  c.z.s.OjSystemApplication - [logStarted,57] - Started OjSystemApplication in 4.52 seconds (process running for 5.478)
23:18:47.142 [http-nio-8080-exec-1] INFO  o.a.c.c.C.[.[.[/] - [log,173] - Initializing Spring DispatcherServlet 'dispatcherServlet'
23:18:47.142 [http-nio-8080-exec-1] INFO  o.s.w.s.DispatcherServlet - [initServletBean,532] - Initializing Servlet 'dispatcherServlet'
23:18:47.143 [http-nio-8080-exec-1] INFO  o.s.w.s.DispatcherServlet - [initServletBean,554] - Completed initialization in 1 ms
